<?xml version="1.0" encoding="UTF-8"?>
<testng-results skipped="0" failed="0" ignored="0" total="1" passed="1">
  <reporter-output>
  </reporter-output>
  <suite name="YT" duration-ms="23530" started-at="2020-04-23T12:28:46 CDT" finished-at="2020-04-23T12:29:09 CDT">
    <groups>
    </groups>
    <test name="Example" duration-ms="23530" started-at="2020-04-23T12:28:46 CDT" finished-at="2020-04-23T12:29:09 CDT">
      <class name="Ant.LoadPage">
        <test-method status="PASS" signature="Load()[pri:0, instance:Ant.LoadPage@2c9f9fb0]" name="Load" duration-ms="23492" started-at="2020-04-23T12:28:46 CDT" finished-at="2020-04-23T12:29:09 CDT">
          <reporter-output>
          </reporter-output>
        </test-method> <!-- Load -->
      </class> <!-- Ant.LoadPage -->
    </test> <!-- Example -->
  </suite> <!-- YT -->
</testng-results>
